[0.721s] Invoking command in '/home/nakane/ros2_s/src/mypkg': PYTHONPATH=/home/nakane/ros2_s/src/mypkg/build/mypkg/prefix_override:/home/nakane/ros2_s/src/mypkg/install/mypkg/lib/python3.10/site-packages:${PYTHONPATH} /usr/bin/python3 setup.py egg_info --egg-base build/mypkg build --build-base /home/nakane/ros2_s/src/mypkg/build/mypkg/build install --record /home/nakane/ros2_s/src/mypkg/build/mypkg/install.log --single-version-externally-managed
[1.003s] running egg_info
[1.004s] writing build/mypkg/mypkg.egg-info/PKG-INFO
[1.004s] writing dependency_links to build/mypkg/mypkg.egg-info/dependency_links.txt
[1.004s] writing entry points to build/mypkg/mypkg.egg-info/entry_points.txt
[1.004s] writing requirements to build/mypkg/mypkg.egg-info/requires.txt
[1.004s] writing top-level names to build/mypkg/mypkg.egg-info/top_level.txt
[1.006s] reading manifest file 'build/mypkg/mypkg.egg-info/SOURCES.txt'
[1.007s] writing manifest file 'build/mypkg/mypkg.egg-info/SOURCES.txt'
[1.007s] running build
[1.007s] running build_py
[1.007s] copying mypkg/listener.py -> /home/nakane/ros2_s/src/mypkg/build/mypkg/build/lib/mypkg
[1.012s] running install
[1.013s] /usr/lib/python3/dist-packages/setuptools/command/install.py:34: SetuptoolsDeprecationWarning: setup.py install is deprecated. Use build and pip and other standards-based tools.
[1.013s]   warnings.warn(
[1.013s] running install_lib
[1.014s] copying /home/nakane/ros2_s/src/mypkg/build/mypkg/build/lib/mypkg/listener.py -> /home/nakane/ros2_s/src/mypkg/install/mypkg/lib/python3.10/site-packages/mypkg
[1.016s] byte-compiling /home/nakane/ros2_s/src/mypkg/install/mypkg/lib/python3.10/site-packages/mypkg/listener.py to listener.cpython-310.pyc
[1.016s]   File "/home/nakane/ros2_s/src/mypkg/install/mypkg/lib/python3.10/site-packages/mypkg/listener.py", line 1
[1.016s]     1 import rclpy
[1.016s]       ^^^^^^
[1.017s] SyntaxError: invalid syntax
[1.017s] 
[1.017s] running install_data
[1.017s] running install_egg_info
[1.018s] removing '/home/nakane/ros2_s/src/mypkg/install/mypkg/lib/python3.10/site-packages/mypkg-0.0.0-py3.10.egg-info' (and everything under it)
[1.020s] Copying build/mypkg/mypkg.egg-info to /home/nakane/ros2_s/src/mypkg/install/mypkg/lib/python3.10/site-packages/mypkg-0.0.0-py3.10.egg-info
[1.027s] running install_scripts
[1.047s] Installing listener script to /home/nakane/ros2_s/src/mypkg/install/mypkg/lib/mypkg
[1.047s] Installing talker script to /home/nakane/ros2_s/src/mypkg/install/mypkg/lib/mypkg
[1.047s] writing list of installed files to '/home/nakane/ros2_s/src/mypkg/build/mypkg/install.log'
[1.060s] Invoked command in '/home/nakane/ros2_s/src/mypkg' returned '0': PYTHONPATH=/home/nakane/ros2_s/src/mypkg/build/mypkg/prefix_override:/home/nakane/ros2_s/src/mypkg/install/mypkg/lib/python3.10/site-packages:${PYTHONPATH} /usr/bin/python3 setup.py egg_info --egg-base build/mypkg build --build-base /home/nakane/ros2_s/src/mypkg/build/mypkg/build install --record /home/nakane/ros2_s/src/mypkg/build/mypkg/install.log --single-version-externally-managed
