[0.695s] Invoking command in '/home/nakane/ros2_s/src/mypkg': PYTHONPATH=/home/nakane/ros2_s/src/mypkg/build/mypkg/prefix_override:/home/nakane/ros2_s/src/mypkg/install/mypkg/lib/python3.10/site-packages:${PYTHONPATH} /usr/bin/python3 setup.py egg_info --egg-base build/mypkg build --build-base /home/nakane/ros2_s/src/mypkg/build/mypkg/build install --record /home/nakane/ros2_s/src/mypkg/build/mypkg/install.log --single-version-externally-managed
[0.982s] running egg_info
[0.982s] writing build/mypkg/mypkg.egg-info/PKG-INFO
[0.982s] writing dependency_links to build/mypkg/mypkg.egg-info/dependency_links.txt
[0.982s] writing entry points to build/mypkg/mypkg.egg-info/entry_points.txt
[0.983s] writing requirements to build/mypkg/mypkg.egg-info/requires.txt
[0.983s] writing top-level names to build/mypkg/mypkg.egg-info/top_level.txt
[0.984s] reading manifest file 'build/mypkg/mypkg.egg-info/SOURCES.txt'
[0.985s] writing manifest file 'build/mypkg/mypkg.egg-info/SOURCES.txt'
[0.985s] running build
[0.986s] running build_py
[0.986s] running install
[0.986s] /usr/lib/python3/dist-packages/setuptools/command/install.py:34: SetuptoolsDeprecationWarning: setup.py install is deprecated. Use build and pip and other standards-based tools.
[0.986s]   warnings.warn(
[0.986s] running install_lib
[0.988s] running install_data
[0.988s] running install_egg_info
[0.990s] removing '/home/nakane/ros2_s/src/mypkg/install/mypkg/lib/python3.10/site-packages/mypkg-0.0.0-py3.10.egg-info' (and everything under it)
[0.991s] Copying build/mypkg/mypkg.egg-info to /home/nakane/ros2_s/src/mypkg/install/mypkg/lib/python3.10/site-packages/mypkg-0.0.0-py3.10.egg-info
[0.998s] running install_scripts
[1.018s] Installing listener script to /home/nakane/ros2_s/src/mypkg/install/mypkg/lib/mypkg
[1.019s] Installing talker script to /home/nakane/ros2_s/src/mypkg/install/mypkg/lib/mypkg
[1.019s] writing list of installed files to '/home/nakane/ros2_s/src/mypkg/build/mypkg/install.log'
[1.031s] Invoked command in '/home/nakane/ros2_s/src/mypkg' returned '0': PYTHONPATH=/home/nakane/ros2_s/src/mypkg/build/mypkg/prefix_override:/home/nakane/ros2_s/src/mypkg/install/mypkg/lib/python3.10/site-packages:${PYTHONPATH} /usr/bin/python3 setup.py egg_info --egg-base build/mypkg build --build-base /home/nakane/ros2_s/src/mypkg/build/mypkg/build install --record /home/nakane/ros2_s/src/mypkg/build/mypkg/install.log --single-version-externally-managed
